<?xml version="1.0" encoding="UTF-8"?>
<testsuite name="ru.stqa.pft.sandbox.PointTest" tests="1" skipped="0" failures="0" errors="0" timestamp="2020-02-03T12:25:33" hostname="T470-opylypchak" time="0.008">
  <properties/>
  <testcase name="testPoint" classname="ru.stqa.pft.sandbox.PointTest" time="0.008"/>
  <system-out><![CDATA[]]></system-out>
  <system-err><![CDATA[]]></system-err>
</testsuite>
